<?xml version="1.0" encoding="UTF-8"?>
<!-- Generated by org.testng.reporters.JUnitXMLReporter -->
<testsuite ignored="0" hostname="mrolap03" failures="0" tests="6" name="RegressionTest" time="0.208" errors="0" timestamp="2024-10-24T18:52:14 IST">
  <testcase classname="Test.TestClass_1" name="test_A" time="0.044"/>
  <testcase classname="Test.TestClass_1" name="test_B" time="0.002"/>
  <testcase classname="Test.TestClass_1" name="test_C" time="0.003"/>
  <testcase classname="Test.Test123" name="test_A" time="0.002"/>
  <testcase classname="Test.Test123" name="test_B" time="0.003"/>
  <testcase classname="Test.Test123" name="test_C" time="0.006"/>
</testsuite> <!-- RegressionTest -->
