<?xml version="1.0" encoding="UTF-8"?>
<testng-results ignored="0" total="6" passed="6" failed="0" skipped="0">
  <reporter-output>
  </reporter-output>
  <suite started-at="2024-10-24T18:52:13 IST" name="RegressionSuite" finished-at="2024-10-24T18:52:14 IST" duration-ms="208">
    <groups>
    </groups>
    <test started-at="2024-10-24T18:52:13 IST" name="RegressionTest" finished-at="2024-10-24T18:52:14 IST" duration-ms="208">
      <class name="Test.TestClass_1">
        <test-method is-config="true" signature="beforeClass()[pri:0, instance:Test.TestClass_1@55141def]" started-at="2024-10-24T18:52:13 IST" name="beforeClass" finished-at="2024-10-24T18:52:13 IST" duration-ms="36" status="PASS">
          <reporter-output>
          </reporter-output>
        </test-method> <!-- beforeClass -->
        <test-method is-config="true" signature="beforeMethod()[pri:0, instance:Test.TestClass_1@55141def]" started-at="2024-10-24T18:52:13 IST" name="beforeMethod" finished-at="2024-10-24T18:52:13 IST" duration-ms="0" status="PASS">
          <reporter-output>
          </reporter-output>
        </test-method> <!-- beforeMethod -->
        <test-method signature="test_A()[pri:0, instance:Test.TestClass_1@55141def]" started-at="2024-10-24T18:52:13 IST" name="test_A" finished-at="2024-10-24T18:52:13 IST" duration-ms="44" status="PASS">
          <reporter-output>
          </reporter-output>
        </test-method> <!-- test_A -->
        <test-method is-config="true" signature="afteraMethod()[pri:0, instance:Test.TestClass_1@55141def]" started-at="2024-10-24T18:52:13 IST" name="afteraMethod" finished-at="2024-10-24T18:52:13 IST" duration-ms="1" status="PASS">
          <reporter-output>
          </reporter-output>
        </test-method> <!-- afteraMethod -->
        <test-method is-config="true" signature="beforeMethod()[pri:0, instance:Test.TestClass_1@55141def]" started-at="2024-10-24T18:52:13 IST" name="beforeMethod" finished-at="2024-10-24T18:52:13 IST" duration-ms="1" status="PASS">
          <reporter-output>
          </reporter-output>
        </test-method> <!-- beforeMethod -->
        <test-method signature="test_B()[pri:0, instance:Test.TestClass_1@55141def]" started-at="2024-10-24T18:52:13 IST" name="test_B" finished-at="2024-10-24T18:52:13 IST" duration-ms="2" status="PASS">
          <reporter-output>
          </reporter-output>
        </test-method> <!-- test_B -->
        <test-method is-config="true" signature="afteraMethod()[pri:0, instance:Test.TestClass_1@55141def]" started-at="2024-10-24T18:52:13 IST" name="afteraMethod" finished-at="2024-10-24T18:52:13 IST" duration-ms="1" status="PASS">
          <reporter-output>
          </reporter-output>
        </test-method> <!-- afteraMethod -->
        <test-method is-config="true" signature="beforeMethod()[pri:0, instance:Test.TestClass_1@55141def]" started-at="2024-10-24T18:52:13 IST" name="beforeMethod" finished-at="2024-10-24T18:52:13 IST" duration-ms="1" status="PASS">
          <reporter-output>
          </reporter-output>
        </test-method> <!-- beforeMethod -->
        <test-method signature="test_C()[pri:0, instance:Test.TestClass_1@55141def]" started-at="2024-10-24T18:52:13 IST" name="test_C" finished-at="2024-10-24T18:52:13 IST" duration-ms="3" status="PASS">
          <reporter-output>
          </reporter-output>
        </test-method> <!-- test_C -->
        <test-method is-config="true" signature="afteraMethod()[pri:0, instance:Test.TestClass_1@55141def]" started-at="2024-10-24T18:52:13 IST" name="afteraMethod" finished-at="2024-10-24T18:52:13 IST" duration-ms="2" status="PASS">
          <reporter-output>
          </reporter-output>
        </test-method> <!-- afteraMethod -->
        <test-method is-config="true" signature="afterClass()[pri:0, instance:Test.TestClass_1@55141def]" started-at="2024-10-24T18:52:13 IST" name="afterClass" finished-at="2024-10-24T18:52:13 IST" duration-ms="1" status="PASS">
          <reporter-output>
          </reporter-output>
        </test-method> <!-- afterClass -->
      </class> <!-- Test.TestClass_1 -->
      <class name="Test.Test123">
        <test-method is-config="true" signature="beforeclass()[pri:0, instance:Test.Test123@73a1e9a9]" started-at="2024-10-24T18:52:13 IST" name="beforeclass" finished-at="2024-10-24T18:52:13 IST" duration-ms="1" status="PASS">
          <reporter-output>
          </reporter-output>
        </test-method> <!-- beforeclass -->
        <test-method is-config="true" signature="beforemethod()[pri:0, instance:Test.Test123@73a1e9a9]" started-at="2024-10-24T18:52:13 IST" name="beforemethod" finished-at="2024-10-24T18:52:13 IST" duration-ms="1" status="PASS">
          <reporter-output>
          </reporter-output>
        </test-method> <!-- beforemethod -->
        <test-method signature="test_A()[pri:0, instance:Test.Test123@73a1e9a9]" started-at="2024-10-24T18:52:13 IST" name="test_A" finished-at="2024-10-24T18:52:13 IST" duration-ms="2" status="PASS">
          <reporter-output>
          </reporter-output>
        </test-method> <!-- test_A -->
        <test-method is-config="true" signature="aftermethod()[pri:0, instance:Test.Test123@73a1e9a9]" started-at="2024-10-24T18:52:13 IST" name="aftermethod" finished-at="2024-10-24T18:52:13 IST" duration-ms="1" status="PASS">
          <reporter-output>
          </reporter-output>
        </test-method> <!-- aftermethod -->
        <test-method is-config="true" signature="beforemethod()[pri:0, instance:Test.Test123@73a1e9a9]" started-at="2024-10-24T18:52:13 IST" name="beforemethod" finished-at="2024-10-24T18:52:13 IST" duration-ms="1" status="PASS">
          <reporter-output>
          </reporter-output>
        </test-method> <!-- beforemethod -->
        <test-method signature="test_B()[pri:0, instance:Test.Test123@73a1e9a9]" started-at="2024-10-24T18:52:13 IST" name="test_B" finished-at="2024-10-24T18:52:13 IST" duration-ms="3" status="PASS">
          <reporter-output>
          </reporter-output>
        </test-method> <!-- test_B -->
        <test-method is-config="true" signature="aftermethod()[pri:0, instance:Test.Test123@73a1e9a9]" started-at="2024-10-24T18:52:13 IST" name="aftermethod" finished-at="2024-10-24T18:52:14 IST" duration-ms="1" status="PASS">
          <reporter-output>
          </reporter-output>
        </test-method> <!-- aftermethod -->
        <test-method is-config="true" signature="beforemethod()[pri:0, instance:Test.Test123@73a1e9a9]" started-at="2024-10-24T18:52:14 IST" name="beforemethod" finished-at="2024-10-24T18:52:14 IST" duration-ms="4" status="PASS">
          <reporter-output>
          </reporter-output>
        </test-method> <!-- beforemethod -->
        <test-method signature="test_C()[pri:0, instance:Test.Test123@73a1e9a9]" started-at="2024-10-24T18:52:14 IST" name="test_C" finished-at="2024-10-24T18:52:14 IST" duration-ms="6" status="PASS">
          <reporter-output>
          </reporter-output>
        </test-method> <!-- test_C -->
        <test-method is-config="true" signature="aftermethod()[pri:0, instance:Test.Test123@73a1e9a9]" started-at="2024-10-24T18:52:14 IST" name="aftermethod" finished-at="2024-10-24T18:52:14 IST" duration-ms="0" status="PASS">
          <reporter-output>
          </reporter-output>
        </test-method> <!-- aftermethod -->
        <test-method is-config="true" signature="afterclass()[pri:0, instance:Test.Test123@73a1e9a9]" started-at="2024-10-24T18:52:14 IST" name="afterclass" finished-at="2024-10-24T18:52:14 IST" duration-ms="5" status="PASS">
          <reporter-output>
          </reporter-output>
        </test-method> <!-- afterclass -->
      </class> <!-- Test.Test123 -->
    </test> <!-- RegressionTest -->
  </suite> <!-- RegressionSuite -->
</testng-results>
