<?xml version="1.0" encoding="UTF-8"?>
<!-- Generated by org.testng.reporters.JUnitXMLReporter -->
<testsuite ignored="1" hostname="mrolap03" failures="0" tests="5" name="ChromeTest" time="0.128" errors="0" timestamp="2024-10-17T15:14:06 IST">
  <testcase classname="Test.Test123" name="test_A" time="0.011"/>
  <testcase classname="Test.Test123" name="test_B" time="0.005"/>
  <testcase classname="Test.TestClass_1" name="test_A" time="0.005"/>
  <testcase classname="Test.TestClass_1" name="test_B" time="0.005"/>
  <testcase classname="Test.TestClass_1" name="test_C" time="0.004"/>
  <testcase classname="Test.Test123" name="test_C" time="0.0">
    <ignored/>
  </testcase> <!-- test_C -->
</testsuite> <!-- ChromeTest -->
